{"/home/runner/work/air_memory/air_memory/frontend/src/api/index.ts": {"path":"/home/runner/work/air_memory/air_memory/frontend/src/api/index.ts","all":false,"statementMap":{"0":{"start":{"line":1,"column":0},"end":{"line":1,"column":46}},"1":{"start":{"line":2,"column":0},"end":{"line":2,"column":40}},"13":{"start":{"line":14,"column":0},"end":{"line":14,"column":32}},"14":{"start":{"line":15,"column":0},"end":{"line":15,"column":21}},"15":{"start":{"line":16,"column":0},"end":{"line":16,"column":12}},"16":{"start":{"line":17,"column":0},"end":{"line":17,"column":39}},"17":{"start":{"line":18,"column":0},"end":{"line":18,"column":4}},"18":{"start":{"line":19,"column":0},"end":{"line":19,"column":2}},"21":{"start":{"line":22,"column":0},"end":{"line":22,"column":36}},"22":{"start":{"line":23,"column":0},"end":{"line":23,"column":25}},"23":{"start":{"line":24,"column":0},"end":{"line":24,"column":26}},"24":{"start":{"line":25,"column":0},"end":{"line":25,"column":41}},"25":{"start":{"line":26,"column":0},"end":{"line":26,"column":72}},"26":{"start":{"line":27,"column":0},"end":{"line":27,"column":43}},"27":{"start":{"line":28,"column":0},"end":{"line":28,"column":34}},"28":{"start":{"line":29,"column":0},"end":{"line":29,"column":50}},"29":{"start":{"line":30,"column":0},"end":{"line":30,"column":12}},"30":{"start":{"line":31,"column":0},"end":{"line":31,"column":40}},"31":{"start":{"line":32,"column":0},"end":{"line":32,"column":5}},"32":{"start":{"line":33,"column":0},"end":{"line":33,"column":32}},"33":{"start":{"line":34,"column":0},"end":{"line":34,"column":4}},"34":{"start":{"line":35,"column":0},"end":{"line":35,"column":1}},"36":{"start":{"line":37,"column":0},"end":{"line":37,"column":24}},"39":{"start":{"line":40,"column":0},"end":{"line":40,"column":36}},"40":{"start":{"line":41,"column":0},"end":{"line":41,"column":16}},"41":{"start":{"line":42,"column":0},"end":{"line":42,"column":19}},"42":{"start":{"line":43,"column":0},"end":{"line":43,"column":28}},"43":{"start":{"line":44,"column":0},"end":{"line":44,"column":33}},"44":{"start":{"line":45,"column":0},"end":{"line":45,"column":69}},"45":{"start":{"line":46,"column":0},"end":{"line":46,"column":56}},"46":{"start":{"line":47,"column":0},"end":{"line":47,"column":4}},"47":{"start":{"line":48,"column":0},"end":{"line":48,"column":17}},"48":{"start":{"line":49,"column":0},"end":{"line":49,"column":1}},"51":{"start":{"line":52,"column":0},"end":{"line":52,"column":69}},"52":{"start":{"line":53,"column":0},"end":{"line":53,"column":49}},"53":{"start":{"line":54,"column":0},"end":{"line":54,"column":1}},"56":{"start":{"line":57,"column":0},"end":{"line":57,"column":64}},"57":{"start":{"line":58,"column":0},"end":{"line":58,"column":65}},"58":{"start":{"line":59,"column":0},"end":{"line":59,"column":17}},"59":{"start":{"line":60,"column":0},"end":{"line":60,"column":1}},"62":{"start":{"line":63,"column":0},"end":{"line":63,"column":66}},"63":{"start":{"line":64,"column":0},"end":{"line":64,"column":67}},"64":{"start":{"line":65,"column":0},"end":{"line":65,"column":17}},"65":{"start":{"line":66,"column":0},"end":{"line":66,"column":1}},"68":{"start":{"line":69,"column":0},"end":{"line":69,"column":38}},"69":{"start":{"line":70,"column":0},"end":{"line":70,"column":19}},"70":{"start":{"line":71,"column":0},"end":{"line":71,"column":19}},"71":{"start":{"line":72,"column":0},"end":{"line":72,"column":24}},"72":{"start":{"line":73,"column":0},"end":{"line":73,"column":34}},"73":{"start":{"line":74,"column":0},"end":{"line":74,"column":56}},"74":{"start":{"line":75,"column":0},"end":{"line":75,"column":42}},"75":{"start":{"line":76,"column":0},"end":{"line":76,"column":46}},"76":{"start":{"line":77,"column":0},"end":{"line":77,"column":3}},"77":{"start":{"line":78,"column":0},"end":{"line":78,"column":17}},"78":{"start":{"line":79,"column":0},"end":{"line":79,"column":1}},"81":{"start":{"line":82,"column":0},"end":{"line":82,"column":82}},"82":{"start":{"line":83,"column":0},"end":{"line":83,"column":88}},"83":{"start":{"line":84,"column":0},"end":{"line":84,"column":17}},"84":{"start":{"line":85,"column":0},"end":{"line":85,"column":1}},"87":{"start":{"line":88,"column":0},"end":{"line":88,"column":58}},"88":{"start":{"line":89,"column":0},"end":{"line":89,"column":65}},"89":{"start":{"line":90,"column":0},"end":{"line":90,"column":17}},"90":{"start":{"line":91,"column":0},"end":{"line":91,"column":1}},"93":{"start":{"line":94,"column":0},"end":{"line":94,"column":58}},"94":{"start":{"line":95,"column":0},"end":{"line":95,"column":65}},"95":{"start":{"line":96,"column":0},"end":{"line":96,"column":17}},"96":{"start":{"line":97,"column":0},"end":{"line":97,"column":1}}},"s":{"0":1,"1":1,"13":1,"14":1,"15":1,"16":1,"17":1,"18":1,"21":1,"22":1,"23":1,"24":0,"25":0,"26":0,"27":0,"28":0,"29":0,"30":0,"31":0,"32":0,"33":0,"34":1,"36":1,"39":0,"40":0,"41":0,"42":0,"43":0,"44":0,"45":0,"46":0,"47":0,"48":0,"51":0,"52":0,"53":0,"56":0,"57":0,"58":0,"59":0,"62":0,"63":0,"64":0,"65":0,"68":0,"69":0,"70":0,"71":0,"72":0,"73":0,"74":0,"75":0,"76":0,"77":0,"78":0,"81":0,"82":0,"83":0,"84":0,"87":2,"88":2,"89":0,"90":0,"93":2,"94":2,"95":0,"96":0},"branchMap":{"0":{"type":"branch","line":88,"loc":{"start":{"line":88,"column":0},"end":{"line":91,"column":1}},"locations":[{"start":{"line":88,"column":0},"end":{"line":91,"column":1}}]},"1":{"type":"branch","line":89,"loc":{"start":{"line":89,"column":64},"end":{"line":91,"column":1}},"locations":[{"start":{"line":89,"column":64},"end":{"line":91,"column":1}}]},"2":{"type":"branch","line":94,"loc":{"start":{"line":94,"column":0},"end":{"line":97,"column":1}},"locations":[{"start":{"line":94,"column":0},"end":{"line":97,"column":1}}]},"3":{"type":"branch","line":95,"loc":{"start":{"line":95,"column":64},"end":{"line":97,"column":1}},"locations":[{"start":{"line":95,"column":64},"end":{"line":97,"column":1}}]}},"b":{"0":[2],"1":[0],"2":[2],"3":[0]},"fnMap":{"0":{"name":"apiClient.interceptors.response.use.status","decl":{"start":{"line":23,"column":2},"end":{"line":23,"column":25}},"loc":{"start":{"line":23,"column":2},"end":{"line":23,"column":25}},"line":23},"1":{"name":"queryMemories","decl":{"start":{"line":40,"column":0},"end":{"line":49,"column":1}},"loc":{"start":{"line":40,"column":0},"end":{"line":49,"column":1}},"line":40},"2":{"name":"deleteMemory","decl":{"start":{"line":52,"column":0},"end":{"line":54,"column":1}},"loc":{"start":{"line":52,"column":0},"end":{"line":54,"column":1}},"line":52},"3":{"name":"getSaveLogs","decl":{"start":{"line":57,"column":0},"end":{"line":60,"column":1}},"loc":{"start":{"line":57,"column":0},"end":{"line":60,"column":1}},"line":57},"4":{"name":"getQueryLogs","decl":{"start":{"line":63,"column":0},"end":{"line":66,"column":1}},"loc":{"start":{"line":63,"column":0},"end":{"line":66,"column":1}},"line":63},"5":{"name":"getFeedbackLogs","decl":{"start":{"line":69,"column":0},"end":{"line":79,"column":1}},"loc":{"start":{"line":69,"column":0},"end":{"line":79,"column":1}},"line":69},"6":{"name":"getValueScore","decl":{"start":{"line":82,"column":0},"end":{"line":85,"column":1}},"loc":{"start":{"line":82,"column":0},"end":{"line":85,"column":1}},"line":82},"7":{"name":"getTierStats","decl":{"start":{"line":88,"column":0},"end":{"line":91,"column":1}},"loc":{"start":{"line":88,"column":0},"end":{"line":91,"column":1}},"line":88},"8":{"name":"getDiskStats","decl":{"start":{"line":94,"column":0},"end":{"line":97,"column":1}},"loc":{"start":{"line":94,"column":0},"end":{"line":97,"column":1}},"line":94}},"f":{"0":0,"1":0,"2":0,"3":0,"4":0,"5":0,"6":0,"7":2,"8":2}}
,"/home/runner/work/air_memory/air_memory/frontend/src/components/LogTable.vue": {"path":"/home/runner/work/air_memory/air_memory/frontend/src/components/LogTable.vue","all":false,"statementMap":{"1":{"start":{"line":2,"column":0},"end":{"line":2,"column":11}},"2":{"start":{"line":3,"column":0},"end":{"line":3,"column":16}},"3":{"start":{"line":4,"column":0},"end":{"line":4,"column":23}},"4":{"start":{"line":5,"column":0},"end":{"line":5,"column":10}},"5":{"start":{"line":6,"column":0},"end":{"line":6,"column":10}},"6":{"start":{"line":7,"column":0},"end":{"line":7,"column":23}},"7":{"start":{"line":8,"column":0},"end":{"line":8,"column":23}},"9":{"start":{"line":10,"column":0},"end":{"line":10,"column":12}},"10":{"start":{"line":11,"column":0},"end":{"line":11,"column":13}}},"s":{"1":1,"2":1,"3":1,"4":1,"5":1,"6":1,"7":1,"9":1,"10":1},"branchMap":{"0":{"type":"branch","line":10,"loc":{"start":{"line":10,"column":4},"end":{"line":10,"column":12}},"locations":[{"start":{"line":10,"column":4},"end":{"line":10,"column":12}}]}},"b":{"0":[89]},"fnMap":{},"f":{}}
,"/home/runner/work/air_memory/air_memory/frontend/src/components/MemoryCard.vue": {"path":"/home/runner/work/air_memory/air_memory/frontend/src/components/MemoryCard.vue","all":false,"statementMap":{"1":{"start":{"line":2,"column":0},"end":{"line":2,"column":46}},"2":{"start":{"line":3,"column":0},"end":{"line":3,"column":37}},"3":{"start":{"line":4,"column":0},"end":{"line":4,"column":71}},"4":{"start":{"line":5,"column":0},"end":{"line":5,"column":39}},"5":{"start":{"line":6,"column":0},"end":{"line":6,"column":56}},"6":{"start":{"line":7,"column":0},"end":{"line":7,"column":15}},"7":{"start":{"line":8,"column":0},"end":{"line":8,"column":42}},"8":{"start":{"line":9,"column":0},"end":{"line":9,"column":49}},"9":{"start":{"line":10,"column":0},"end":{"line":10,"column":15}},"10":{"start":{"line":11,"column":0},"end":{"line":11,"column":42}},"11":{"start":{"line":12,"column":0},"end":{"line":12,"column":20}},"12":{"start":{"line":13,"column":0},"end":{"line":13,"column":32}},"13":{"start":{"line":14,"column":0},"end":{"line":14,"column":32}},"14":{"start":{"line":15,"column":0},"end":{"line":15,"column":31}},"15":{"start":{"line":16,"column":0},"end":{"line":16,"column":36}},"16":{"start":{"line":17,"column":0},"end":{"line":17,"column":44}},"18":{"start":{"line":19,"column":0},"end":{"line":19,"column":29}},"19":{"start":{"line":20,"column":0},"end":{"line":20,"column":72}},"21":{"start":{"line":22,"column":0},"end":{"line":22,"column":22}},"22":{"start":{"line":23,"column":0},"end":{"line":23,"column":10}},"23":{"start":{"line":24,"column":0},"end":{"line":24,"column":64}},"24":{"start":{"line":25,"column":0},"end":{"line":25,"column":37}},"25":{"start":{"line":26,"column":0},"end":{"line":26,"column":64}},"26":{"start":{"line":27,"column":0},"end":{"line":27,"column":74}},"27":{"start":{"line":28,"column":0},"end":{"line":28,"column":10}},"28":{"start":{"line":29,"column":0},"end":{"line":29,"column":12}},"32":{"start":{"line":33,"column":0},"end":{"line":33,"column":30}},"33":{"start":{"line":34,"column":0},"end":{"line":34,"column":48}},"36":{"start":{"line":37,"column":0},"end":{"line":37,"column":47}},"38":{"start":{"line":39,"column":0},"end":{"line":39,"column":26}},"43":{"start":{"line":44,"column":0},"end":{"line":44,"column":34}},"44":{"start":{"line":45,"column":0},"end":{"line":45,"column":72}},"45":{"start":{"line":46,"column":0},"end":{"line":46,"column":1}},"48":{"start":{"line":49,"column":0},"end":{"line":49,"column":77}}},"s":{"1":1,"2":1,"3":1,"4":1,"5":18,"6":18,"7":1,"8":18,"9":1,"10":1,"11":1,"12":1,"13":1,"14":1,"15":1,"16":1,"18":1,"19":1,"21":1,"22":1,"23":1,"24":1,"25":1,"26":1,"27":1,"28":1,"32":1,"33":1,"36":1,"38":1,"43":1,"44":18,"45":1,"48":1},"branchMap":{"0":{"type":"branch","line":44,"loc":{"start":{"line":44,"column":29},"end":{"line":45,"column":72}},"locations":[{"start":{"line":44,"column":29},"end":{"line":45,"column":72}}]},"1":{"type":"branch","line":45,"loc":{"start":{"line":45,"column":24},"end":{"line":45,"column":55}},"locations":[{"start":{"line":45,"column":24},"end":{"line":45,"column":55}}]},"2":{"type":"branch","line":45,"loc":{"start":{"line":45,"column":33},"end":{"line":45,"column":72}},"locations":[{"start":{"line":45,"column":33},"end":{"line":45,"column":72}}]},"3":{"type":"branch","line":49,"loc":{"start":{"line":49,"column":27},"end":{"line":49,"column":76}},"locations":[{"start":{"line":49,"column":27},"end":{"line":49,"column":76}}]},"4":{"type":"branch","line":49,"loc":{"start":{"line":49,"column":56},"end":{"line":49,"column":71}},"locations":[{"start":{"line":49,"column":56},"end":{"line":49,"column":71}}]},"5":{"type":"branch","line":49,"loc":{"start":{"line":49,"column":64},"end":{"line":49,"column":76}},"locations":[{"start":{"line":49,"column":64},"end":{"line":49,"column":76}}]},"6":{"type":"branch","line":4,"loc":{"start":{"line":4,"column":47},"end":{"line":4,"column":62}},"locations":[{"start":{"line":4,"column":47},"end":{"line":4,"column":62}}]},"7":{"type":"branch","line":6,"loc":{"start":{"line":6,"column":-1},"end":{"line":7,"column":15}},"locations":[{"start":{"line":6,"column":-1},"end":{"line":7,"column":15}}]},"8":{"type":"branch","line":9,"loc":{"start":{"line":9,"column":-1},"end":{"line":9,"column":49}},"locations":[{"start":{"line":9,"column":-1},"end":{"line":9,"column":49}}]}},"b":{"0":[18],"1":[4],"2":[14],"3":[18],"4":[4],"5":[14],"6":[18],"7":[18],"8":[18]},"fnMap":{"0":{"name":"onConfirm._cache.<computed>._cache.<computed>","decl":{"start":{"line":17,"column":16},"end":{"line":17,"column":44}},"loc":{"start":{"line":17,"column":16},"end":{"line":17,"column":44}},"line":17}},"f":{"0":0}}
,"/home/runner/work/air_memory/air_memory/frontend/src/stores/log.ts": {"path":"/home/runner/work/air_memory/air_memory/frontend/src/stores/log.ts","all":false,"statementMap":{"0":{"start":{"line":1,"column":0},"end":{"line":1,"column":35}},"1":{"start":{"line":2,"column":0},"end":{"line":2,"column":25}},"2":{"start":{"line":3,"column":0},"end":{"line":3,"column":50}},"6":{"start":{"line":7,"column":0},"end":{"line":7,"column":53}},"7":{"start":{"line":8,"column":0},"end":{"line":8,"column":37}},"8":{"start":{"line":9,"column":0},"end":{"line":9,"column":39}},"9":{"start":{"line":10,"column":0},"end":{"line":10,"column":32}},"10":{"start":{"line":11,"column":0},"end":{"line":11,"column":33}},"13":{"start":{"line":14,"column":0},"end":{"line":14,"column":49}},"14":{"start":{"line":15,"column":0},"end":{"line":15,"column":28}},"15":{"start":{"line":16,"column":0},"end":{"line":16,"column":9}},"16":{"start":{"line":17,"column":0},"end":{"line":17,"column":37}},"17":{"start":{"line":18,"column":0},"end":{"line":18,"column":31}},"18":{"start":{"line":19,"column":0},"end":{"line":19,"column":15}},"19":{"start":{"line":20,"column":0},"end":{"line":20,"column":31}},"20":{"start":{"line":21,"column":0},"end":{"line":21,"column":5}},"21":{"start":{"line":22,"column":0},"end":{"line":22,"column":3}},"24":{"start":{"line":25,"column":0},"end":{"line":25,"column":50}},"25":{"start":{"line":26,"column":0},"end":{"line":26,"column":29}},"26":{"start":{"line":27,"column":0},"end":{"line":27,"column":9}},"27":{"start":{"line":28,"column":0},"end":{"line":28,"column":38}},"28":{"start":{"line":29,"column":0},"end":{"line":29,"column":32}},"29":{"start":{"line":30,"column":0},"end":{"line":30,"column":15}},"30":{"start":{"line":31,"column":0},"end":{"line":31,"column":32}},"31":{"start":{"line":32,"column":0},"end":{"line":32,"column":5}},"32":{"start":{"line":33,"column":0},"end":{"line":33,"column":3}},"34":{"start":{"line":35,"column":0},"end":{"line":35,"column":90}},"35":{"start":{"line":36,"column":0},"end":{"line":36,"column":2}}},"s":{"0":1,"1":1,"2":1,"6":1,"7":18,"8":18,"9":18,"10":18,"13":18,"14":11,"15":11,"16":11,"17":10,"18":11,"19":11,"20":11,"21":11,"24":18,"25":3,"26":3,"27":3,"28":2,"29":3,"30":3,"31":3,"32":3,"34":18,"35":18},"branchMap":{"0":{"type":"branch","line":7,"loc":{"start":{"line":7,"column":46},"end":{"line":36,"column":2}},"locations":[{"start":{"line":7,"column":46},"end":{"line":36,"column":2}}]},"1":{"type":"branch","line":14,"loc":{"start":{"line":14,"column":2},"end":{"line":22,"column":3}},"locations":[{"start":{"line":14,"column":2},"end":{"line":22,"column":3}}]},"2":{"type":"branch","line":17,"loc":{"start":{"line":17,"column":36},"end":{"line":19,"column":6}},"locations":[{"start":{"line":17,"column":36},"end":{"line":19,"column":6}}]},"3":{"type":"branch","line":25,"loc":{"start":{"line":25,"column":2},"end":{"line":33,"column":3}},"locations":[{"start":{"line":25,"column":2},"end":{"line":33,"column":3}}]},"4":{"type":"branch","line":28,"loc":{"start":{"line":28,"column":37},"end":{"line":30,"column":6}},"locations":[{"start":{"line":28,"column":37},"end":{"line":30,"column":6}}]}},"b":{"0":[18],"1":[11],"2":[10],"3":[3],"4":[2]},"fnMap":{"0":{"name":"fetchSaveLogs","decl":{"start":{"line":14,"column":2},"end":{"line":22,"column":3}},"loc":{"start":{"line":14,"column":2},"end":{"line":22,"column":3}},"line":14},"1":{"name":"fetchQueryLogs","decl":{"start":{"line":25,"column":2},"end":{"line":33,"column":3}},"loc":{"start":{"line":25,"column":2},"end":{"line":33,"column":3}},"line":25}},"f":{"0":11,"1":3}}
,"/home/runner/work/air_memory/air_memory/frontend/src/stores/memory.ts": {"path":"/home/runner/work/air_memory/air_memory/frontend/src/stores/memory.ts","all":false,"statementMap":{"0":{"start":{"line":1,"column":0},"end":{"line":1,"column":35}},"1":{"start":{"line":2,"column":0},"end":{"line":2,"column":25}},"2":{"start":{"line":3,"column":0},"end":{"line":3,"column":52}},"6":{"start":{"line":7,"column":0},"end":{"line":7,"column":59}},"7":{"start":{"line":8,"column":0},"end":{"line":8,"column":36}},"8":{"start":{"line":9,"column":0},"end":{"line":9,"column":28}},"9":{"start":{"line":10,"column":0},"end":{"line":10,"column":35}},"10":{"start":{"line":11,"column":0},"end":{"line":11,"column":22}},"13":{"start":{"line":14,"column":0},"end":{"line":14,"column":31}},"14":{"start":{"line":15,"column":0},"end":{"line":15,"column":18}},"15":{"start":{"line":16,"column":0},"end":{"line":16,"column":21}},"16":{"start":{"line":17,"column":0},"end":{"line":17,"column":30}},"17":{"start":{"line":18,"column":0},"end":{"line":18,"column":20}},"18":{"start":{"line":19,"column":0},"end":{"line":19,"column":24}},"19":{"start":{"line":20,"column":0},"end":{"line":20,"column":9}},"20":{"start":{"line":21,"column":0},"end":{"line":21,"column":60}},"21":{"start":{"line":22,"column":0},"end":{"line":22,"column":35}},"22":{"start":{"line":23,"column":0},"end":{"line":23,"column":29}},"23":{"start":{"line":24,"column":0},"end":{"line":24,"column":38}},"24":{"start":{"line":25,"column":0},"end":{"line":25,"column":15}},"25":{"start":{"line":26,"column":0},"end":{"line":26,"column":27}},"26":{"start":{"line":27,"column":0},"end":{"line":27,"column":5}},"27":{"start":{"line":28,"column":0},"end":{"line":28,"column":3}},"30":{"start":{"line":31,"column":0},"end":{"line":31,"column":64}},"31":{"start":{"line":32,"column":0},"end":{"line":32,"column":32}},"32":{"start":{"line":33,"column":0},"end":{"line":33,"column":68}},"33":{"start":{"line":34,"column":0},"end":{"line":34,"column":39}},"34":{"start":{"line":35,"column":0},"end":{"line":35,"column":3}},"36":{"start":{"line":37,"column":0},"end":{"line":37,"column":77}},"37":{"start":{"line":38,"column":0},"end":{"line":38,"column":2}}},"s":{"0":1,"1":1,"2":1,"6":1,"7":20,"8":20,"9":20,"10":20,"13":20,"14":11,"15":11,"16":11,"17":11,"18":11,"19":11,"20":11,"21":10,"22":10,"23":10,"24":11,"25":11,"26":11,"27":11,"30":20,"31":3,"32":3,"33":3,"34":3,"36":20,"37":20},"branchMap":{"0":{"type":"branch","line":7,"loc":{"start":{"line":7,"column":52},"end":{"line":38,"column":2}},"locations":[{"start":{"line":7,"column":52},"end":{"line":38,"column":2}}]},"1":{"type":"branch","line":14,"loc":{"start":{"line":14,"column":2},"end":{"line":28,"column":3}},"locations":[{"start":{"line":14,"column":2},"end":{"line":28,"column":3}}]},"2":{"type":"branch","line":21,"loc":{"start":{"line":21,"column":59},"end":{"line":25,"column":6}},"locations":[{"start":{"line":21,"column":59},"end":{"line":25,"column":6}}]},"3":{"type":"branch","line":31,"loc":{"start":{"line":31,"column":2},"end":{"line":35,"column":3}},"locations":[{"start":{"line":31,"column":2},"end":{"line":35,"column":3}}]},"4":{"type":"branch","line":33,"loc":{"start":{"line":33,"column":43},"end":{"line":33,"column":67}},"locations":[{"start":{"line":33,"column":43},"end":{"line":33,"column":67}}]}},"b":{"0":[20],"1":[11],"2":[10],"3":[3],"4":[6]},"fnMap":{"0":{"name":"fetchMemories","decl":{"start":{"line":14,"column":2},"end":{"line":28,"column":3}},"loc":{"start":{"line":14,"column":2},"end":{"line":28,"column":3}},"line":14},"1":{"name":"removeMemory","decl":{"start":{"line":31,"column":2},"end":{"line":35,"column":3}},"loc":{"start":{"line":31,"column":2},"end":{"line":35,"column":3}},"line":31}},"f":{"0":11,"1":3}}
,"/home/runner/work/air_memory/air_memory/frontend/src/views/FeedbackView.vue": {"path":"/home/runner/work/air_memory/air_memory/frontend/src/views/FeedbackView.vue","all":false,"statementMap":{"1":{"start":{"line":2,"column":0},"end":{"line":2,"column":29}},"2":{"start":{"line":3,"column":0},"end":{"line":3,"column":17}},"3":{"start":{"line":4,"column":0},"end":{"line":4,"column":32}},"4":{"start":{"line":5,"column":0},"end":{"line":5,"column":24}},"5":{"start":{"line":6,"column":0},"end":{"line":6,"column":46}},"7":{"start":{"line":8,"column":0},"end":{"line":8,"column":67}},"8":{"start":{"line":9,"column":0},"end":{"line":9,"column":36}},"9":{"start":{"line":10,"column":0},"end":{"line":10,"column":19}},"10":{"start":{"line":11,"column":0},"end":{"line":11,"column":35}},"11":{"start":{"line":12,"column":0},"end":{"line":12,"column":34}},"12":{"start":{"line":13,"column":0},"end":{"line":13,"column":21}},"13":{"start":{"line":14,"column":0},"end":{"line":14,"column":32}},"14":{"start":{"line":15,"column":0},"end":{"line":15,"column":12}},"15":{"start":{"line":16,"column":0},"end":{"line":16,"column":23}},"16":{"start":{"line":17,"column":0},"end":{"line":17,"column":22}},"17":{"start":{"line":18,"column":0},"end":{"line":18,"column":20}},"18":{"start":{"line":19,"column":0},"end":{"line":19,"column":26}},"19":{"start":{"line":20,"column":0},"end":{"line":20,"column":30}},"20":{"start":{"line":21,"column":0},"end":{"line":21,"column":32}},"21":{"start":{"line":22,"column":0},"end":{"line":22,"column":26}},"22":{"start":{"line":23,"column":0},"end":{"line":23,"column":11}},"24":{"start":{"line":25,"column":0},"end":{"line":25,"column":22}},"25":{"start":{"line":26,"column":0},"end":{"line":26,"column":23}},"26":{"start":{"line":27,"column":0},"end":{"line":27,"column":16}},"27":{"start":{"line":28,"column":0},"end":{"line":28,"column":14}},"29":{"start":{"line":30,"column":0},"end":{"line":30,"column":19}},"30":{"start":{"line":31,"column":0},"end":{"line":31,"column":50}},"31":{"start":{"line":32,"column":0},"end":{"line":32,"column":24}},"32":{"start":{"line":33,"column":0},"end":{"line":33,"column":46}},"34":{"start":{"line":35,"column":0},"end":{"line":35,"column":42}},"35":{"start":{"line":36,"column":0},"end":{"line":36,"column":44}},"36":{"start":{"line":37,"column":0},"end":{"line":37,"column":36}},"37":{"start":{"line":38,"column":0},"end":{"line":38,"column":31}},"38":{"start":{"line":39,"column":0},"end":{"line":39,"column":42}},"39":{"start":{"line":40,"column":0},"end":{"line":40,"column":72}},"40":{"start":{"line":41,"column":0},"end":{"line":41,"column":57}},"41":{"start":{"line":42,"column":0},"end":{"line":42,"column":19}},"42":{"start":{"line":43,"column":0},"end":{"line":43,"column":31}},"43":{"start":{"line":44,"column":0},"end":{"line":44,"column":45}},"44":{"start":{"line":45,"column":0},"end":{"line":45,"column":22}},"45":{"start":{"line":46,"column":0},"end":{"line":46,"column":66}},"46":{"start":{"line":47,"column":0},"end":{"line":47,"column":55}},"47":{"start":{"line":48,"column":0},"end":{"line":48,"column":32}},"48":{"start":{"line":49,"column":0},"end":{"line":49,"column":12}},"49":{"start":{"line":50,"column":0},"end":{"line":50,"column":81}},"50":{"start":{"line":51,"column":0},"end":{"line":51,"column":31}},"51":{"start":{"line":52,"column":0},"end":{"line":52,"column":43}},"52":{"start":{"line":53,"column":0},"end":{"line":53,"column":41}},"53":{"start":{"line":54,"column":0},"end":{"line":54,"column":31}},"54":{"start":{"line":55,"column":0},"end":{"line":55,"column":24}},"55":{"start":{"line":56,"column":0},"end":{"line":56,"column":14}},"57":{"start":{"line":58,"column":0},"end":{"line":58,"column":19}},"58":{"start":{"line":59,"column":0},"end":{"line":59,"column":60}},"59":{"start":{"line":60,"column":0},"end":{"line":60,"column":24}},"60":{"start":{"line":61,"column":0},"end":{"line":61,"column":33}},"61":{"start":{"line":62,"column":0},"end":{"line":62,"column":48}},"62":{"start":{"line":63,"column":0},"end":{"line":63,"column":68}},"63":{"start":{"line":64,"column":0},"end":{"line":64,"column":14}},"65":{"start":{"line":66,"column":0},"end":{"line":66,"column":56}},"66":{"start":{"line":67,"column":0},"end":{"line":67,"column":74}},"67":{"start":{"line":68,"column":0},"end":{"line":68,"column":68}},"68":{"start":{"line":69,"column":0},"end":{"line":69,"column":80}},"69":{"start":{"line":70,"column":0},"end":{"line":70,"column":65}},"70":{"start":{"line":71,"column":0},"end":{"line":71,"column":39}},"71":{"start":{"line":72,"column":0},"end":{"line":72,"column":77}},"72":{"start":{"line":73,"column":0},"end":{"line":73,"column":48}},"73":{"start":{"line":74,"column":0},"end":{"line":74,"column":21}},"75":{"start":{"line":76,"column":0},"end":{"line":76,"column":26}},"76":{"start":{"line":77,"column":0},"end":{"line":77,"column":17}},"77":{"start":{"line":78,"column":0},"end":{"line":78,"column":14}},"79":{"start":{"line":80,"column":0},"end":{"line":80,"column":16}},"80":{"start":{"line":81,"column":0},"end":{"line":81,"column":73}},"81":{"start":{"line":82,"column":0},"end":{"line":82,"column":44}},"82":{"start":{"line":83,"column":0},"end":{"line":83,"column":10}},"83":{"start":{"line":84,"column":0},"end":{"line":84,"column":8}},"87":{"start":{"line":88,"column":0},"end":{"line":88,"column":35}},"88":{"start":{"line":89,"column":0},"end":{"line":89,"column":40}},"89":{"start":{"line":90,"column":0},"end":{"line":90,"column":48}},"90":{"start":{"line":91,"column":0},"end":{"line":91,"column":55}},"92":{"start":{"line":93,"column":0},"end":{"line":93,"column":49}},"94":{"start":{"line":95,"column":0},"end":{"line":95,"column":39}},"95":{"start":{"line":96,"column":0},"end":{"line":96,"column":26}},"96":{"start":{"line":97,"column":0},"end":{"line":97,"column":30}},"97":{"start":{"line":98,"column":0},"end":{"line":98,"column":53}},"98":{"start":{"line":99,"column":0},"end":{"line":99,"column":52}},"101":{"start":{"line":102,"column":0},"end":{"line":102,"column":44}},"102":{"start":{"line":103,"column":0},"end":{"line":103,"column":36}},"103":{"start":{"line":104,"column":0},"end":{"line":104,"column":36}},"104":{"start":{"line":105,"column":0},"end":{"line":105,"column":18}},"105":{"start":{"line":106,"column":0},"end":{"line":106,"column":1}},"108":{"start":{"line":109,"column":0},"end":{"line":109,"column":46}},"109":{"start":{"line":110,"column":0},"end":{"line":110,"column":33}},"110":{"start":{"line":111,"column":0},"end":{"line":111,"column":12}},"111":{"start":{"line":112,"column":0},"end":{"line":112,"column":33}},"112":{"start":{"line":113,"column":0},"end":{"line":113,"column":10}},"113":{"start":{"line":114,"column":0},"end":{"line":114,"column":3}},"114":{"start":{"line":115,"column":0},"end":{"line":115,"column":26}},"115":{"start":{"line":116,"column":0},"end":{"line":116,"column":22}},"116":{"start":{"line":117,"column":0},"end":{"line":117,"column":25}},"117":{"start":{"line":118,"column":0},"end":{"line":118,"column":27}},"118":{"start":{"line":119,"column":0},"end":{"line":119,"column":7}},"119":{"start":{"line":120,"column":0},"end":{"line":120,"column":40}},"120":{"start":{"line":121,"column":0},"end":{"line":121,"column":24}},"121":{"start":{"line":122,"column":0},"end":{"line":122,"column":26}},"122":{"start":{"line":123,"column":0},"end":{"line":123,"column":6}},"123":{"start":{"line":124,"column":0},"end":{"line":124,"column":25}},"124":{"start":{"line":125,"column":0},"end":{"line":125,"column":32}},"125":{"start":{"line":126,"column":0},"end":{"line":126,"column":11}},"127":{"start":{"line":128,"column":0},"end":{"line":128,"column":13}},"128":{"start":{"line":129,"column":0},"end":{"line":129,"column":25}},"129":{"start":{"line":130,"column":0},"end":{"line":130,"column":3}},"130":{"start":{"line":131,"column":0},"end":{"line":131,"column":1}}},"s":{"1":1,"2":1,"3":1,"4":1,"5":1,"7":1,"8":1,"9":1,"10":1,"11":1,"12":1,"13":1,"14":1,"15":1,"16":1,"17":1,"18":1,"19":1,"20":1,"21":1,"22":1,"24":30,"25":1,"26":1,"27":1,"29":1,"30":1,"31":1,"32":1,"34":1,"35":1,"36":1,"37":1,"38":1,"39":1,"40":1,"41":1,"42":1,"43":1,"44":1,"45":2,"46":2,"47":2,"48":2,"49":2,"50":1,"51":1,"52":1,"53":1,"54":1,"55":1,"57":1,"58":1,"59":1,"60":1,"61":1,"62":1,"63":1,"65":1,"66":1,"67":1,"68":1,"69":1,"70":1,"71":1,"72":1,"73":1,"75":1,"76":1,"77":1,"79":1,"80":1,"81":1,"82":1,"83":1,"87":1,"88":1,"89":1,"90":1,"92":1,"94":1,"95":1,"96":1,"97":1,"98":1,"101":11,"102":11,"103":11,"104":3,"105":11,"108":4,"109":4,"110":4,"111":1,"112":1,"113":1,"114":3,"115":3,"116":3,"117":3,"118":3,"119":3,"120":3,"121":3,"122":3,"123":2,"124":2,"125":4,"127":4,"128":3,"129":3,"130":4},"branchMap":{"0":{"type":"branch","line":102,"loc":{"start":{"line":102,"column":0},"end":{"line":106,"column":1}},"locations":[{"start":{"line":102,"column":0},"end":{"line":106,"column":1}}]},"1":{"type":"branch","line":103,"loc":{"start":{"line":103,"column":20},"end":{"line":103,"column":36}},"locations":[{"start":{"line":103,"column":20},"end":{"line":103,"column":36}}]},"2":{"type":"branch","line":103,"loc":{"start":{"line":103,"column":27},"end":{"line":104,"column":27}},"locations":[{"start":{"line":103,"column":27},"end":{"line":104,"column":27}}]},"3":{"type":"branch","line":104,"loc":{"start":{"line":104,"column":20},"end":{"line":105,"column":18}},"locations":[{"start":{"line":104,"column":20},"end":{"line":105,"column":18}}]},"4":{"type":"branch","line":109,"loc":{"start":{"line":109,"column":0},"end":{"line":131,"column":1}},"locations":[{"start":{"line":109,"column":0},"end":{"line":131,"column":1}}]},"5":{"type":"branch","line":111,"loc":{"start":{"line":111,"column":11},"end":{"line":114,"column":3}},"locations":[{"start":{"line":111,"column":11},"end":{"line":114,"column":3}}]},"6":{"type":"branch","line":114,"loc":{"start":{"line":114,"column":2},"end":{"line":123,"column":6}},"locations":[{"start":{"line":114,"column":2},"end":{"line":123,"column":6}}]},"7":{"type":"branch","line":123,"loc":{"start":{"line":123,"column":5},"end":{"line":126,"column":10}},"locations":[{"start":{"line":123,"column":5},"end":{"line":126,"column":10}}]},"8":{"type":"branch","line":126,"loc":{"start":{"line":126,"column":2},"end":{"line":128,"column":4}},"locations":[{"start":{"line":126,"column":2},"end":{"line":128,"column":4}}]},"9":{"type":"branch","line":128,"loc":{"start":{"line":128,"column":2},"end":{"line":130,"column":3}},"locations":[{"start":{"line":128,"column":2},"end":{"line":130,"column":3}}]},"10":{"type":"branch","line":81,"loc":{"start":{"line":81,"column":15},"end":{"line":81,"column":41}},"locations":[{"start":{"line":81,"column":15},"end":{"line":81,"column":41}}]},"11":{"type":"branch","line":81,"loc":{"start":{"line":81,"column":31},"end":{"line":81,"column":55}},"locations":[{"start":{"line":81,"column":31},"end":{"line":81,"column":55}}]},"12":{"type":"branch","line":81,"loc":{"start":{"line":81,"column":46},"end":{"line":82,"column":44}},"locations":[{"start":{"line":81,"column":46},"end":{"line":82,"column":44}}]},"13":{"type":"branch","line":82,"loc":{"start":{"line":82,"column":41},"end":{"line":82,"column":44}},"locations":[{"start":{"line":82,"column":41},"end":{"line":82,"column":44}}]},"14":{"type":"branch","line":6,"loc":{"start":{"line":6,"column":8},"end":{"line":6,"column":46}},"locations":[{"start":{"line":6,"column":8},"end":{"line":6,"column":46}}]},"15":{"type":"branch","line":11,"loc":{"start":{"line":11,"column":26},"end":{"line":11,"column":35}},"locations":[{"start":{"line":11,"column":26},"end":{"line":11,"column":35}}]},"16":{"type":"branch","line":11,"loc":{"start":{"line":11,"column":26},"end":{"line":11,"column":35}},"locations":[{"start":{"line":11,"column":26},"end":{"line":11,"column":35}}]},"17":{"type":"branch","line":24,"loc":{"start":{"line":24,"column":-1},"end":{"line":25,"column":22}},"locations":[{"start":{"line":24,"column":-1},"end":{"line":25,"column":22}}]},"18":{"type":"branch","line":25,"loc":{"start":{"line":25,"column":10},"end":{"line":25,"column":22}},"locations":[{"start":{"line":25,"column":10},"end":{"line":25,"column":22}}]},"19":{"type":"branch","line":33,"loc":{"start":{"line":33,"column":8},"end":{"line":33,"column":46}},"locations":[{"start":{"line":33,"column":8},"end":{"line":33,"column":46}}]},"20":{"type":"branch","line":37,"loc":{"start":{"line":37,"column":10},"end":{"line":37,"column":36}},"locations":[{"start":{"line":37,"column":10},"end":{"line":37,"column":36}}]},"21":{"type":"branch","line":41,"loc":{"start":{"line":41,"column":12},"end":{"line":41,"column":57}},"locations":[{"start":{"line":41,"column":12},"end":{"line":41,"column":57}}]},"22":{"type":"branch","line":41,"loc":{"start":{"line":41,"column":30},"end":{"line":41,"column":57}},"locations":[{"start":{"line":41,"column":30},"end":{"line":41,"column":57}}]},"23":{"type":"branch","line":45,"loc":{"start":{"line":45,"column":10},"end":{"line":50,"column":81}},"locations":[{"start":{"line":45,"column":10},"end":{"line":50,"column":81}}]},"24":{"type":"branch","line":53,"loc":{"start":{"line":53,"column":10},"end":{"line":53,"column":41}},"locations":[{"start":{"line":53,"column":10},"end":{"line":53,"column":41}}]},"25":{"type":"branch","line":63,"loc":{"start":{"line":63,"column":30},"end":{"line":63,"column":68}},"locations":[{"start":{"line":63,"column":30},"end":{"line":63,"column":68}}]},"26":{"type":"branch","line":73,"loc":{"start":{"line":73,"column":14},"end":{"line":73,"column":48}},"locations":[{"start":{"line":73,"column":14},"end":{"line":73,"column":48}}]},"27":{"type":"branch","line":73,"loc":{"start":{"line":73,"column":21},"end":{"line":73,"column":48}},"locations":[{"start":{"line":73,"column":21},"end":{"line":73,"column":48}}]},"28":{"type":"branch","line":73,"loc":{"start":{"line":73,"column":29},"end":{"line":73,"column":48}},"locations":[{"start":{"line":73,"column":29},"end":{"line":73,"column":48}}]}},"b":{"0":[11],"1":[5],"2":[6],"3":[3],"4":[4],"5":[1],"6":[3],"7":[2],"8":[1],"9":[3],"10":[6],"11":[4],"12":[1],"13":[17],"14":[12],"15":[12],"16":[3],"17":[1],"18":[12],"19":[2],"20":[2],"21":[2],"22":[0],"23":[2],"24":[2],"25":[2],"26":[8],"27":[4],"28":[4]},"fnMap":{"0":{"name":"scoreColor","decl":{"start":{"line":102,"column":0},"end":{"line":106,"column":1}},"loc":{"start":{"line":102,"column":0},"end":{"line":106,"column":1}},"line":102},"1":{"name":"handleSearch","decl":{"start":{"line":109,"column":0},"end":{"line":131,"column":1}},"loc":{"start":{"line":109,"column":0},"end":{"line":131,"column":1}},"line":109},"2":{"name":"onUpdate:modelValue._cache.<computed>._cache.<computed>","decl":{"start":{"line":11,"column":26},"end":{"line":11,"column":35}},"loc":{"start":{"line":11,"column":26},"end":{"line":11,"column":35}},"line":11}},"f":{"0":11,"1":4,"2":3}}
,"/home/runner/work/air_memory/air_memory/frontend/src/views/HomeView.vue": {"path":"/home/runner/work/air_memory/air_memory/frontend/src/views/HomeView.vue","all":false,"statementMap":{"1":{"start":{"line":2,"column":0},"end":{"line":2,"column":25}},"2":{"start":{"line":3,"column":0},"end":{"line":3,"column":17}},"3":{"start":{"line":4,"column":0},"end":{"line":4,"column":34}},"4":{"start":{"line":5,"column":0},"end":{"line":5,"column":24}},"5":{"start":{"line":6,"column":0},"end":{"line":6,"column":37}},"7":{"start":{"line":8,"column":0},"end":{"line":8,"column":56}},"8":{"start":{"line":9,"column":0},"end":{"line":9,"column":89}},"9":{"start":{"line":10,"column":0},"end":{"line":10,"column":14}},"11":{"start":{"line":12,"column":0},"end":{"line":12,"column":21}},"12":{"start":{"line":13,"column":0},"end":{"line":13,"column":31}},"13":{"start":{"line":14,"column":0},"end":{"line":14,"column":32}},"14":{"start":{"line":15,"column":0},"end":{"line":15,"column":47}},"15":{"start":{"line":16,"column":0},"end":{"line":16,"column":18}},"16":{"start":{"line":17,"column":0},"end":{"line":17,"column":22}},"17":{"start":{"line":18,"column":0},"end":{"line":18,"column":25}},"18":{"start":{"line":19,"column":0},"end":{"line":19,"column":33}},"19":{"start":{"line":20,"column":0},"end":{"line":20,"column":28}},"20":{"start":{"line":21,"column":0},"end":{"line":21,"column":9}},"22":{"start":{"line":23,"column":0},"end":{"line":23,"column":20}},"23":{"start":{"line":24,"column":0},"end":{"line":24,"column":12}},"25":{"start":{"line":26,"column":0},"end":{"line":26,"column":27}},"26":{"start":{"line":27,"column":0},"end":{"line":27,"column":23}},"27":{"start":{"line":28,"column":0},"end":{"line":28,"column":26}},"28":{"start":{"line":29,"column":0},"end":{"line":29,"column":67}},"29":{"start":{"line":30,"column":0},"end":{"line":30,"column":81}},"30":{"start":{"line":31,"column":0},"end":{"line":31,"column":54}},"31":{"start":{"line":32,"column":0},"end":{"line":32,"column":20}},"32":{"start":{"line":33,"column":0},"end":{"line":33,"column":17}},"33":{"start":{"line":34,"column":0},"end":{"line":34,"column":23}},"34":{"start":{"line":35,"column":0},"end":{"line":35,"column":26}},"35":{"start":{"line":36,"column":0},"end":{"line":36,"column":68}},"36":{"start":{"line":37,"column":0},"end":{"line":37,"column":82}},"37":{"start":{"line":38,"column":0},"end":{"line":38,"column":54}},"38":{"start":{"line":39,"column":0},"end":{"line":39,"column":20}},"39":{"start":{"line":40,"column":0},"end":{"line":40,"column":17}},"40":{"start":{"line":41,"column":0},"end":{"line":41,"column":21}},"41":{"start":{"line":42,"column":0},"end":{"line":42,"column":26}},"42":{"start":{"line":43,"column":0},"end":{"line":43,"column":70}},"43":{"start":{"line":44,"column":0},"end":{"line":44,"column":42}},"44":{"start":{"line":45,"column":0},"end":{"line":45,"column":69}},"45":{"start":{"line":46,"column":0},"end":{"line":46,"column":18}},"46":{"start":{"line":47,"column":0},"end":{"line":47,"column":42}},"48":{"start":{"line":49,"column":0},"end":{"line":49,"column":60}},"49":{"start":{"line":50,"column":0},"end":{"line":50,"column":56}},"50":{"start":{"line":51,"column":0},"end":{"line":51,"column":21}},"51":{"start":{"line":52,"column":0},"end":{"line":52,"column":18}},"52":{"start":{"line":53,"column":0},"end":{"line":53,"column":24}},"53":{"start":{"line":54,"column":0},"end":{"line":54,"column":30}},"54":{"start":{"line":55,"column":0},"end":{"line":55,"column":46}},"55":{"start":{"line":56,"column":0},"end":{"line":56,"column":42}},"56":{"start":{"line":57,"column":0},"end":{"line":57,"column":31}},"57":{"start":{"line":58,"column":0},"end":{"line":58,"column":37}},"58":{"start":{"line":59,"column":0},"end":{"line":59,"column":14}},"59":{"start":{"line":60,"column":0},"end":{"line":60,"column":20}},"60":{"start":{"line":61,"column":0},"end":{"line":61,"column":17}},"61":{"start":{"line":62,"column":0},"end":{"line":62,"column":21}},"62":{"start":{"line":63,"column":0},"end":{"line":63,"column":26}},"63":{"start":{"line":64,"column":0},"end":{"line":64,"column":68}},"64":{"start":{"line":65,"column":0},"end":{"line":65,"column":42}},"65":{"start":{"line":66,"column":0},"end":{"line":66,"column":68}},"66":{"start":{"line":67,"column":0},"end":{"line":67,"column":18}},"67":{"start":{"line":68,"column":0},"end":{"line":68,"column":42}},"69":{"start":{"line":70,"column":0},"end":{"line":70,"column":60}},"70":{"start":{"line":71,"column":0},"end":{"line":71,"column":54}},"71":{"start":{"line":72,"column":0},"end":{"line":72,"column":21}},"72":{"start":{"line":73,"column":0},"end":{"line":73,"column":18}},"73":{"start":{"line":74,"column":0},"end":{"line":74,"column":24}},"74":{"start":{"line":75,"column":0},"end":{"line":75,"column":30}},"75":{"start":{"line":76,"column":0},"end":{"line":76,"column":44}},"76":{"start":{"line":77,"column":0},"end":{"line":77,"column":40}},"77":{"start":{"line":78,"column":0},"end":{"line":78,"column":31}},"78":{"start":{"line":79,"column":0},"end":{"line":79,"column":37}},"79":{"start":{"line":80,"column":0},"end":{"line":80,"column":14}},"80":{"start":{"line":81,"column":0},"end":{"line":81,"column":20}},"81":{"start":{"line":82,"column":0},"end":{"line":82,"column":17}},"82":{"start":{"line":83,"column":0},"end":{"line":83,"column":15}},"83":{"start":{"line":84,"column":0},"end":{"line":84,"column":10}},"84":{"start":{"line":85,"column":0},"end":{"line":85,"column":8}},"88":{"start":{"line":89,"column":0},"end":{"line":89,"column":46}},"89":{"start":{"line":90,"column":0},"end":{"line":90,"column":49}},"90":{"start":{"line":91,"column":0},"end":{"line":91,"column":51}},"93":{"start":{"line":94,"column":0},"end":{"line":94,"column":45}},"94":{"start":{"line":95,"column":0},"end":{"line":95,"column":45}},"95":{"start":{"line":96,"column":0},"end":{"line":96,"column":31}},"98":{"start":{"line":99,"column":0},"end":{"line":99,"column":43}},"99":{"start":{"line":100,"column":0},"end":{"line":100,"column":32}},"100":{"start":{"line":101,"column":0},"end":{"line":101,"column":86}},"101":{"start":{"line":102,"column":0},"end":{"line":102,"column":39}},"102":{"start":{"line":103,"column":0},"end":{"line":103,"column":2}},"105":{"start":{"line":106,"column":0},"end":{"line":106,"column":41}},"106":{"start":{"line":107,"column":0},"end":{"line":107,"column":32}},"107":{"start":{"line":108,"column":0},"end":{"line":108,"column":83}},"108":{"start":{"line":109,"column":0},"end":{"line":109,"column":39}},"109":{"start":{"line":110,"column":0},"end":{"line":110,"column":2}},"112":{"start":{"line":113,"column":0},"end":{"line":113,"column":44}},"113":{"start":{"line":114,"column":0},"end":{"line":114,"column":54}},"114":{"start":{"line":115,"column":0},"end":{"line":115,"column":54}},"115":{"start":{"line":116,"column":0},"end":{"line":116,"column":18}},"116":{"start":{"line":117,"column":0},"end":{"line":117,"column":2}},"119":{"start":{"line":120,"column":0},"end":{"line":120,"column":42}},"120":{"start":{"line":121,"column":0},"end":{"line":121,"column":52}},"121":{"start":{"line":122,"column":0},"end":{"line":122,"column":52}},"122":{"start":{"line":123,"column":0},"end":{"line":123,"column":18}},"123":{"start":{"line":124,"column":0},"end":{"line":124,"column":2}},"126":{"start":{"line":127,"column":0},"end":{"line":127,"column":43}},"127":{"start":{"line":128,"column":0},"end":{"line":128,"column":27}},"128":{"start":{"line":129,"column":0},"end":{"line":129,"column":7}},"129":{"start":{"line":130,"column":0},"end":{"line":130,"column":72}},"130":{"start":{"line":131,"column":0},"end":{"line":131,"column":24}},"131":{"start":{"line":132,"column":0},"end":{"line":132,"column":24}},"132":{"start":{"line":133,"column":0},"end":{"line":133,"column":11}},"134":{"start":{"line":135,"column":0},"end":{"line":135,"column":13}},"135":{"start":{"line":136,"column":0},"end":{"line":136,"column":30}},"136":{"start":{"line":137,"column":0},"end":{"line":137,"column":3}},"137":{"start":{"line":138,"column":0},"end":{"line":138,"column":1}},"139":{"start":{"line":140,"column":0},"end":{"line":140,"column":17}},"140":{"start":{"line":141,"column":0},"end":{"line":141,"column":13}},"141":{"start":{"line":142,"column":0},"end":{"line":142,"column":2}}},"s":{"1":1,"2":1,"3":1,"4":1,"5":1,"7":1,"8":2,"9":1,"11":1,"12":1,"13":1,"14":1,"15":1,"16":1,"17":1,"18":1,"19":1,"20":1,"22":6,"23":1,"25":1,"26":1,"27":1,"28":1,"29":1,"30":2,"31":1,"32":1,"33":1,"34":1,"35":1,"36":1,"37":2,"38":1,"39":1,"40":1,"41":1,"42":1,"43":1,"44":1,"45":1,"46":1,"48":1,"49":0,"50":0,"51":1,"52":1,"53":1,"54":0,"55":0,"56":0,"57":0,"58":1,"59":1,"60":1,"61":1,"62":1,"63":1,"64":1,"65":1,"66":1,"67":1,"69":1,"70":0,"71":0,"72":1,"73":1,"74":1,"75":0,"76":0,"77":0,"78":0,"79":1,"80":1,"81":1,"82":1,"83":1,"84":1,"88":1,"89":1,"90":1,"93":1,"94":1,"95":1,"98":1,"99":0,"100":0,"101":0,"102":1,"105":1,"106":0,"107":0,"108":0,"109":1,"112":1,"113":0,"114":0,"115":0,"116":1,"119":1,"120":0,"121":0,"122":0,"123":1,"126":2,"127":2,"128":2,"129":2,"130":0,"131":0,"132":0,"134":0,"135":0,"136":0,"137":2,"139":1,"140":2,"141":1},"branchMap":{"0":{"type":"branch","line":127,"loc":{"start":{"line":127,"column":0},"end":{"line":138,"column":1}},"locations":[{"start":{"line":127,"column":0},"end":{"line":138,"column":1}}]},"1":{"type":"branch","line":130,"loc":{"start":{"line":130,"column":71},"end":{"line":137,"column":3}},"locations":[{"start":{"line":130,"column":71},"end":{"line":137,"column":3}}]},"2":{"type":"branch","line":140,"loc":{"start":{"line":140,"column":10},"end":{"line":142,"column":1}},"locations":[{"start":{"line":140,"column":10},"end":{"line":142,"column":1}}]},"3":{"type":"branch","line":6,"loc":{"start":{"line":6,"column":8},"end":{"line":6,"column":37}},"locations":[{"start":{"line":6,"column":8},"end":{"line":6,"column":37}}]},"4":{"type":"branch","line":8,"loc":{"start":{"line":8,"column":6},"end":{"line":9,"column":89}},"locations":[{"start":{"line":8,"column":6},"end":{"line":9,"column":89}}]},"5":{"type":"branch","line":22,"loc":{"start":{"line":22,"column":-1},"end":{"line":23,"column":20}},"locations":[{"start":{"line":22,"column":-1},"end":{"line":23,"column":20}}]},"6":{"type":"branch","line":23,"loc":{"start":{"line":23,"column":8},"end":{"line":23,"column":20}},"locations":[{"start":{"line":23,"column":8},"end":{"line":23,"column":20}}]},"7":{"type":"branch","line":30,"loc":{"start":{"line":30,"column":12},"end":{"line":31,"column":54}},"locations":[{"start":{"line":30,"column":12},"end":{"line":31,"column":54}}]},"8":{"type":"branch","line":30,"loc":{"start":{"line":30,"column":45},"end":{"line":30,"column":65}},"locations":[{"start":{"line":30,"column":45},"end":{"line":30,"column":65}}]},"9":{"type":"branch","line":37,"loc":{"start":{"line":37,"column":12},"end":{"line":38,"column":54}},"locations":[{"start":{"line":37,"column":12},"end":{"line":38,"column":54}}]},"10":{"type":"branch","line":37,"loc":{"start":{"line":37,"column":45},"end":{"line":37,"column":66}},"locations":[{"start":{"line":37,"column":45},"end":{"line":37,"column":66}}]},"11":{"type":"branch","line":45,"loc":{"start":{"line":45,"column":17},"end":{"line":45,"column":69}},"locations":[{"start":{"line":45,"column":17},"end":{"line":45,"column":69}}]},"12":{"type":"branch","line":49,"loc":{"start":{"line":49,"column":26},"end":{"line":51,"column":21}},"locations":[{"start":{"line":49,"column":26},"end":{"line":51,"column":21}}]},"13":{"type":"branch","line":54,"loc":{"start":{"line":54,"column":20},"end":{"line":58,"column":37}},"locations":[{"start":{"line":54,"column":20},"end":{"line":58,"column":37}}]},"14":{"type":"branch","line":66,"loc":{"start":{"line":66,"column":17},"end":{"line":66,"column":68}},"locations":[{"start":{"line":66,"column":17},"end":{"line":66,"column":68}}]},"15":{"type":"branch","line":70,"loc":{"start":{"line":70,"column":26},"end":{"line":72,"column":21}},"locations":[{"start":{"line":70,"column":26},"end":{"line":72,"column":21}}]},"16":{"type":"branch","line":75,"loc":{"start":{"line":75,"column":20},"end":{"line":79,"column":37}},"locations":[{"start":{"line":75,"column":20},"end":{"line":79,"column":37}}]}},"b":{"0":[2],"1":[0],"2":[2],"3":[2],"4":[2],"5":[1],"6":[2],"7":[2],"8":[0],"9":[2],"10":[0],"11":[0],"12":[0],"13":[0],"14":[0],"15":[0],"16":[0]},"fnMap":{"0":{"name":"loadStats","decl":{"start":{"line":127,"column":0},"end":{"line":138,"column":1}},"loc":{"start":{"line":127,"column":0},"end":{"line":138,"column":1}},"line":127}},"f":{"0":2}}
,"/home/runner/work/air_memory/air_memory/frontend/src/views/LogsView.vue": {"path":"/home/runner/work/air_memory/air_memory/frontend/src/views/LogsView.vue","all":false,"statementMap":{"1":{"start":{"line":2,"column":0},"end":{"line":2,"column":25}},"2":{"start":{"line":3,"column":0},"end":{"line":3,"column":75}},"3":{"start":{"line":4,"column":0},"end":{"line":4,"column":21}},"4":{"start":{"line":5,"column":0},"end":{"line":5,"column":46}},"5":{"start":{"line":6,"column":0},"end":{"line":6,"column":33}},"6":{"start":{"line":7,"column":0},"end":{"line":7,"column":20}},"7":{"start":{"line":8,"column":0},"end":{"line":8,"column":26}},"8":{"start":{"line":9,"column":0},"end":{"line":9,"column":27}},"9":{"start":{"line":10,"column":0},"end":{"line":10,"column":43}},"10":{"start":{"line":11,"column":0},"end":{"line":11,"column":45}},"11":{"start":{"line":12,"column":0},"end":{"line":12,"column":11}},"13":{"start":{"line":14,"column":0},"end":{"line":14,"column":22}},"14":{"start":{"line":15,"column":0},"end":{"line":15,"column":73}},"15":{"start":{"line":16,"column":0},"end":{"line":16,"column":14}},"16":{"start":{"line":17,"column":0},"end":{"line":17,"column":76}},"17":{"start":{"line":18,"column":0},"end":{"line":18,"column":76}},"18":{"start":{"line":19,"column":0},"end":{"line":19,"column":70}},"19":{"start":{"line":20,"column":0},"end":{"line":20,"column":94}},"20":{"start":{"line":21,"column":0},"end":{"line":21,"column":79}},"21":{"start":{"line":22,"column":0},"end":{"line":22,"column":65}},"22":{"start":{"line":23,"column":0},"end":{"line":23,"column":41}},"23":{"start":{"line":24,"column":0},"end":{"line":24,"column":83}},"24":{"start":{"line":25,"column":0},"end":{"line":25,"column":55}},"25":{"start":{"line":26,"column":0},"end":{"line":26,"column":23}},"27":{"start":{"line":28,"column":0},"end":{"line":28,"column":28}},"28":{"start":{"line":29,"column":0},"end":{"line":29,"column":19}},"29":{"start":{"line":30,"column":0},"end":{"line":30,"column":20}},"31":{"start":{"line":32,"column":0},"end":{"line":32,"column":21}},"32":{"start":{"line":33,"column":0},"end":{"line":33,"column":47}},"33":{"start":{"line":34,"column":0},"end":{"line":34,"column":33}},"34":{"start":{"line":35,"column":0},"end":{"line":35,"column":20}},"35":{"start":{"line":36,"column":0},"end":{"line":36,"column":26}},"36":{"start":{"line":37,"column":0},"end":{"line":37,"column":27}},"37":{"start":{"line":38,"column":0},"end":{"line":38,"column":44}},"38":{"start":{"line":39,"column":0},"end":{"line":39,"column":46}},"39":{"start":{"line":40,"column":0},"end":{"line":40,"column":11}},"41":{"start":{"line":42,"column":0},"end":{"line":42,"column":22}},"42":{"start":{"line":43,"column":0},"end":{"line":43,"column":74}},"43":{"start":{"line":44,"column":0},"end":{"line":44,"column":14}},"44":{"start":{"line":45,"column":0},"end":{"line":45,"column":78}},"45":{"start":{"line":46,"column":0},"end":{"line":46,"column":76}},"46":{"start":{"line":47,"column":0},"end":{"line":47,"column":70}},"47":{"start":{"line":48,"column":0},"end":{"line":48,"column":77}},"48":{"start":{"line":49,"column":0},"end":{"line":49,"column":67}},"49":{"start":{"line":50,"column":0},"end":{"line":50,"column":41}},"50":{"start":{"line":51,"column":0},"end":{"line":51,"column":81}},"51":{"start":{"line":52,"column":0},"end":{"line":52,"column":53}},"52":{"start":{"line":53,"column":0},"end":{"line":53,"column":23}},"54":{"start":{"line":55,"column":0},"end":{"line":55,"column":28}},"55":{"start":{"line":56,"column":0},"end":{"line":56,"column":62}},"56":{"start":{"line":57,"column":0},"end":{"line":57,"column":41}},"57":{"start":{"line":58,"column":0},"end":{"line":58,"column":89}},"59":{"start":{"line":60,"column":0},"end":{"line":60,"column":28}},"60":{"start":{"line":61,"column":0},"end":{"line":61,"column":19}},"61":{"start":{"line":62,"column":0},"end":{"line":62,"column":20}},"62":{"start":{"line":63,"column":0},"end":{"line":63,"column":14}},"63":{"start":{"line":64,"column":0},"end":{"line":64,"column":8}},"67":{"start":{"line":68,"column":0},"end":{"line":68,"column":36}},"68":{"start":{"line":69,"column":0},"end":{"line":69,"column":49}},"69":{"start":{"line":70,"column":0},"end":{"line":70,"column":43}},"70":{"start":{"line":71,"column":0},"end":{"line":71,"column":49}},"72":{"start":{"line":73,"column":0},"end":{"line":73,"column":30}},"73":{"start":{"line":74,"column":0},"end":{"line":74,"column":29}},"76":{"start":{"line":77,"column":0},"end":{"line":77,"column":55}},"77":{"start":{"line":78,"column":0},"end":{"line":78,"column":7}},"78":{"start":{"line":79,"column":0},"end":{"line":79,"column":51}},"79":{"start":{"line":80,"column":0},"end":{"line":80,"column":33}},"80":{"start":{"line":81,"column":0},"end":{"line":81,"column":15}},"81":{"start":{"line":82,"column":0},"end":{"line":82,"column":39}},"82":{"start":{"line":83,"column":0},"end":{"line":83,"column":21}},"83":{"start":{"line":84,"column":0},"end":{"line":84,"column":3}},"84":{"start":{"line":85,"column":0},"end":{"line":85,"column":1}},"87":{"start":{"line":88,"column":0},"end":{"line":88,"column":45}},"88":{"start":{"line":89,"column":0},"end":{"line":89,"column":57}},"89":{"start":{"line":90,"column":0},"end":{"line":90,"column":28}},"90":{"start":{"line":91,"column":0},"end":{"line":91,"column":66}},"91":{"start":{"line":92,"column":0},"end":{"line":92,"column":29}},"92":{"start":{"line":93,"column":0},"end":{"line":93,"column":3}},"93":{"start":{"line":94,"column":0},"end":{"line":94,"column":1}},"95":{"start":{"line":96,"column":0},"end":{"line":96,"column":17}},"96":{"start":{"line":97,"column":0},"end":{"line":97,"column":26}},"97":{"start":{"line":98,"column":0},"end":{"line":98,"column":2}}},"s":{"1":1,"2":1,"3":1,"4":1,"5":1,"6":1,"7":1,"8":1,"9":1,"10":1,"11":1,"13":32,"14":1,"15":1,"16":1,"17":1,"18":1,"19":1,"20":1,"21":1,"22":1,"23":1,"24":1,"25":1,"27":1,"28":1,"29":1,"31":1,"32":1,"33":1,"34":1,"35":1,"36":1,"37":1,"38":1,"39":1,"41":16,"42":1,"43":1,"44":1,"45":1,"46":1,"47":1,"48":1,"49":1,"50":1,"51":1,"52":1,"54":1,"55":1,"56":1,"57":1,"59":1,"60":1,"61":1,"62":1,"63":1,"67":1,"68":1,"69":1,"70":1,"72":1,"73":1,"76":26,"77":26,"78":26,"79":26,"80":26,"81":25,"82":25,"83":25,"84":26,"87":0,"88":0,"89":0,"90":0,"91":0,"92":0,"93":0,"95":1,"96":8,"97":1},"branchMap":{"0":{"type":"branch","line":77,"loc":{"start":{"line":77,"column":0},"end":{"line":85,"column":1}},"locations":[{"start":{"line":77,"column":0},"end":{"line":85,"column":1}}]},"1":{"type":"branch","line":81,"loc":{"start":{"line":81,"column":2},"end":{"line":84,"column":3}},"locations":[{"start":{"line":81,"column":2},"end":{"line":84,"column":3}}]},"2":{"type":"branch","line":96,"loc":{"start":{"line":96,"column":10},"end":{"line":98,"column":1}},"locations":[{"start":{"line":96,"column":10},"end":{"line":98,"column":1}}]},"3":{"type":"branch","line":11,"loc":{"start":{"line":11,"column":18},"end":{"line":11,"column":45}},"locations":[{"start":{"line":11,"column":18},"end":{"line":11,"column":45}}]},"4":{"type":"branch","line":13,"loc":{"start":{"line":13,"column":-1},"end":{"line":14,"column":22}},"locations":[{"start":{"line":13,"column":-1},"end":{"line":14,"column":22}}]},"5":{"type":"branch","line":14,"loc":{"start":{"line":14,"column":10},"end":{"line":14,"column":22}},"locations":[{"start":{"line":14,"column":10},"end":{"line":14,"column":22}}]},"6":{"type":"branch","line":15,"loc":{"start":{"line":15,"column":30},"end":{"line":15,"column":73}},"locations":[{"start":{"line":15,"column":30},"end":{"line":15,"column":73}}]},"7":{"type":"branch","line":25,"loc":{"start":{"line":25,"column":16},"end":{"line":25,"column":55}},"locations":[{"start":{"line":25,"column":16},"end":{"line":25,"column":55}}]},"8":{"type":"branch","line":25,"loc":{"start":{"line":25,"column":23},"end":{"line":25,"column":55}},"locations":[{"start":{"line":25,"column":23},"end":{"line":25,"column":55}}]},"9":{"type":"branch","line":25,"loc":{"start":{"line":25,"column":37},"end":{"line":25,"column":55}},"locations":[{"start":{"line":25,"column":37},"end":{"line":25,"column":55}}]},"10":{"type":"branch","line":41,"loc":{"start":{"line":41,"column":-1},"end":{"line":42,"column":22}},"locations":[{"start":{"line":41,"column":-1},"end":{"line":42,"column":22}}]},"11":{"type":"branch","line":42,"loc":{"start":{"line":42,"column":10},"end":{"line":42,"column":22}},"locations":[{"start":{"line":42,"column":10},"end":{"line":42,"column":22}}]},"12":{"type":"branch","line":43,"loc":{"start":{"line":43,"column":30},"end":{"line":43,"column":74}},"locations":[{"start":{"line":43,"column":30},"end":{"line":43,"column":74}}]},"13":{"type":"branch","line":58,"loc":{"start":{"line":58,"column":14},"end":{"line":58,"column":89}},"locations":[{"start":{"line":58,"column":14},"end":{"line":58,"column":89}}]}},"b":{"0":[26],"1":[25],"2":[8],"3":[8],"4":[1],"5":[8],"6":[24],"7":[32],"8":[16],"9":[16],"10":[1],"11":[8],"12":[8],"13":[24]},"fnMap":{"0":{"name":"parseResultsSummary","decl":{"start":{"line":77,"column":0},"end":{"line":85,"column":1}},"loc":{"start":{"line":77,"column":0},"end":{"line":85,"column":1}},"line":77},"1":{"name":"handleTabChange","decl":{"start":{"line":88,"column":0},"end":{"line":94,"column":1}},"loc":{"start":{"line":88,"column":0},"end":{"line":94,"column":1}},"line":88},"2":{"name":"onUpdate:modelValue._cache.<computed>._cache.<computed>","decl":{"start":{"line":3,"column":22},"end":{"line":3,"column":33}},"loc":{"start":{"line":3,"column":22},"end":{"line":3,"column":33}},"line":3},"3":{"name":"onClick._cache.<computed>._cache.<computed>","decl":{"start":{"line":11,"column":18},"end":{"line":11,"column":45}},"loc":{"start":{"line":11,"column":18},"end":{"line":11,"column":45}},"line":11},"4":{"name":"onClick._cache.<computed>._cache.<computed>","decl":{"start":{"line":39,"column":18},"end":{"line":39,"column":46}},"loc":{"start":{"line":39,"column":18},"end":{"line":39,"column":46}},"line":39}},"f":{"0":26,"1":0,"2":0,"3":0,"4":0}}
,"/home/runner/work/air_memory/air_memory/frontend/src/views/MemoriesView.vue": {"path":"/home/runner/work/air_memory/air_memory/frontend/src/views/MemoriesView.vue","all":false,"statementMap":{"1":{"start":{"line":2,"column":0},"end":{"line":2,"column":29}},"2":{"start":{"line":3,"column":0},"end":{"line":3,"column":33}},"3":{"start":{"line":4,"column":0},"end":{"line":4,"column":24}},"4":{"start":{"line":5,"column":0},"end":{"line":5,"column":44}},"6":{"start":{"line":7,"column":0},"end":{"line":7,"column":67}},"7":{"start":{"line":8,"column":0},"end":{"line":8,"column":35}},"8":{"start":{"line":9,"column":0},"end":{"line":9,"column":19}},"9":{"start":{"line":10,"column":0},"end":{"line":10,"column":32}},"10":{"start":{"line":11,"column":0},"end":{"line":11,"column":33}},"11":{"start":{"line":12,"column":0},"end":{"line":12,"column":21}},"12":{"start":{"line":13,"column":0},"end":{"line":13,"column":32}},"13":{"start":{"line":14,"column":0},"end":{"line":14,"column":12}},"14":{"start":{"line":15,"column":0},"end":{"line":15,"column":23}},"15":{"start":{"line":16,"column":0},"end":{"line":16,"column":35}},"16":{"start":{"line":17,"column":0},"end":{"line":17,"column":69}},"17":{"start":{"line":18,"column":0},"end":{"line":18,"column":23}},"18":{"start":{"line":19,"column":0},"end":{"line":19,"column":35}},"19":{"start":{"line":20,"column":0},"end":{"line":20,"column":20}},"20":{"start":{"line":21,"column":0},"end":{"line":21,"column":35}},"21":{"start":{"line":22,"column":0},"end":{"line":22,"column":30}},"22":{"start":{"line":23,"column":0},"end":{"line":23,"column":32}},"23":{"start":{"line":24,"column":0},"end":{"line":24,"column":34}},"24":{"start":{"line":25,"column":0},"end":{"line":25,"column":36}},"25":{"start":{"line":26,"column":0},"end":{"line":26,"column":12}},"26":{"start":{"line":27,"column":0},"end":{"line":27,"column":23}},"27":{"start":{"line":28,"column":0},"end":{"line":28,"column":22}},"28":{"start":{"line":29,"column":0},"end":{"line":29,"column":20}},"29":{"start":{"line":30,"column":0},"end":{"line":30,"column":26}},"30":{"start":{"line":31,"column":0},"end":{"line":31,"column":42}},"31":{"start":{"line":32,"column":0},"end":{"line":32,"column":32}},"32":{"start":{"line":33,"column":0},"end":{"line":33,"column":26}},"33":{"start":{"line":34,"column":0},"end":{"line":34,"column":11}},"35":{"start":{"line":36,"column":0},"end":{"line":36,"column":22}},"36":{"start":{"line":37,"column":0},"end":{"line":37,"column":23}},"37":{"start":{"line":38,"column":0},"end":{"line":38,"column":16}},"38":{"start":{"line":39,"column":0},"end":{"line":39,"column":50}},"39":{"start":{"line":40,"column":0},"end":{"line":40,"column":44}},"40":{"start":{"line":41,"column":0},"end":{"line":41,"column":41}},"41":{"start":{"line":42,"column":0},"end":{"line":42,"column":17}},"42":{"start":{"line":43,"column":0},"end":{"line":43,"column":94}},"43":{"start":{"line":44,"column":0},"end":{"line":44,"column":80}},"44":{"start":{"line":45,"column":0},"end":{"line":45,"column":17}},"45":{"start":{"line":46,"column":0},"end":{"line":46,"column":12}},"46":{"start":{"line":47,"column":0},"end":{"line":47,"column":14}},"48":{"start":{"line":49,"column":0},"end":{"line":49,"column":56}},"49":{"start":{"line":50,"column":0},"end":{"line":50,"column":40}},"50":{"start":{"line":51,"column":0},"end":{"line":51,"column":10}},"52":{"start":{"line":53,"column":0},"end":{"line":53,"column":88}},"53":{"start":{"line":54,"column":0},"end":{"line":54,"column":40}},"54":{"start":{"line":55,"column":0},"end":{"line":55,"column":10}},"56":{"start":{"line":57,"column":0},"end":{"line":57,"column":36}},"57":{"start":{"line":58,"column":0},"end":{"line":58,"column":17}},"58":{"start":{"line":59,"column":0},"end":{"line":59,"column":46}},"59":{"start":{"line":60,"column":0},"end":{"line":60,"column":24}},"60":{"start":{"line":61,"column":0},"end":{"line":61,"column":24}},"61":{"start":{"line":62,"column":0},"end":{"line":62,"column":30}},"62":{"start":{"line":63,"column":0},"end":{"line":63,"column":8}},"63":{"start":{"line":64,"column":0},"end":{"line":64,"column":10}},"64":{"start":{"line":65,"column":0},"end":{"line":65,"column":8}},"68":{"start":{"line":69,"column":0},"end":{"line":69,"column":35}},"69":{"start":{"line":70,"column":0},"end":{"line":70,"column":40}},"70":{"start":{"line":71,"column":0},"end":{"line":71,"column":48}},"71":{"start":{"line":72,"column":0},"end":{"line":72,"column":49}},"72":{"start":{"line":73,"column":0},"end":{"line":73,"column":53}},"74":{"start":{"line":75,"column":0},"end":{"line":75,"column":36}},"76":{"start":{"line":77,"column":0},"end":{"line":77,"column":23}},"77":{"start":{"line":78,"column":0},"end":{"line":78,"column":12}},"78":{"start":{"line":79,"column":0},"end":{"line":79,"column":10}},"79":{"start":{"line":80,"column":0},"end":{"line":80,"column":18}},"80":{"start":{"line":81,"column":0},"end":{"line":81,"column":2}},"82":{"start":{"line":83,"column":0},"end":{"line":83,"column":30}},"85":{"start":{"line":86,"column":0},"end":{"line":86,"column":46}},"86":{"start":{"line":87,"column":0},"end":{"line":87,"column":27}},"87":{"start":{"line":88,"column":0},"end":{"line":88,"column":32}},"88":{"start":{"line":89,"column":0},"end":{"line":89,"column":10}},"89":{"start":{"line":90,"column":0},"end":{"line":90,"column":3}},"90":{"start":{"line":91,"column":0},"end":{"line":91,"column":26}},"91":{"start":{"line":92,"column":0},"end":{"line":92,"column":78}},"92":{"start":{"line":93,"column":0},"end":{"line":93,"column":1}},"95":{"start":{"line":96,"column":0},"end":{"line":96,"column":62}},"96":{"start":{"line":97,"column":0},"end":{"line":97,"column":42}},"97":{"start":{"line":98,"column":0},"end":{"line":98,"column":28}},"98":{"start":{"line":99,"column":0},"end":{"line":99,"column":1}}},"s":{"1":1,"2":1,"3":1,"4":1,"6":1,"7":1,"8":1,"9":1,"10":1,"11":1,"12":1,"13":1,"14":1,"15":1,"16":1,"17":1,"18":1,"19":1,"20":1,"21":1,"22":1,"23":1,"24":1,"25":1,"26":1,"27":1,"28":1,"29":1,"30":1,"31":1,"32":1,"33":1,"35":24,"36":1,"37":1,"38":1,"39":1,"40":5,"41":5,"42":1,"43":1,"44":1,"45":1,"46":1,"48":1,"49":3,"50":3,"52":1,"53":1,"54":1,"56":1,"57":1,"58":1,"59":1,"60":1,"61":1,"62":1,"63":1,"64":1,"68":1,"69":1,"70":1,"71":1,"72":1,"74":1,"76":1,"77":1,"78":1,"79":1,"80":1,"82":1,"85":4,"86":4,"87":1,"88":1,"89":1,"90":3,"91":3,"92":4,"95":0,"96":0,"97":0,"98":0},"branchMap":{"0":{"type":"branch","line":86,"loc":{"start":{"line":86,"column":0},"end":{"line":93,"column":1}},"locations":[{"start":{"line":86,"column":0},"end":{"line":93,"column":1}}]},"1":{"type":"branch","line":87,"loc":{"start":{"line":87,"column":26},"end":{"line":90,"column":3}},"locations":[{"start":{"line":87,"column":26},"end":{"line":90,"column":3}}]},"2":{"type":"branch","line":90,"loc":{"start":{"line":90,"column":2},"end":{"line":92,"column":78}},"locations":[{"start":{"line":90,"column":2},"end":{"line":92,"column":78}}]},"3":{"type":"branch","line":49,"loc":{"start":{"line":49,"column":27},"end":{"line":53,"column":35}},"locations":[{"start":{"line":49,"column":27},"end":{"line":53,"column":35}}]},"4":{"type":"branch","line":53,"loc":{"start":{"line":53,"column":20},"end":{"line":53,"column":70}},"locations":[{"start":{"line":53,"column":20},"end":{"line":53,"column":70}}]},"5":{"type":"branch","line":53,"loc":{"start":{"line":53,"column":62},"end":{"line":54,"column":40}},"locations":[{"start":{"line":53,"column":62},"end":{"line":54,"column":40}}]},"6":{"type":"branch","line":5,"loc":{"start":{"line":5,"column":8},"end":{"line":5,"column":44}},"locations":[{"start":{"line":5,"column":8},"end":{"line":5,"column":44}}]},"7":{"type":"branch","line":43,"loc":{"start":{"line":43,"column":57},"end":{"line":43,"column":94}},"locations":[{"start":{"line":43,"column":57},"end":{"line":43,"column":94}}]},"8":{"type":"branch","line":10,"loc":{"start":{"line":10,"column":26},"end":{"line":10,"column":32}},"locations":[{"start":{"line":10,"column":26},"end":{"line":10,"column":32}}]},"9":{"type":"branch","line":10,"loc":{"start":{"line":10,"column":26},"end":{"line":10,"column":32}},"locations":[{"start":{"line":10,"column":26},"end":{"line":10,"column":32}}]},"10":{"type":"branch","line":17,"loc":{"start":{"line":17,"column":41},"end":{"line":17,"column":48}},"locations":[{"start":{"line":17,"column":41},"end":{"line":17,"column":48}}]},"11":{"type":"branch","line":21,"loc":{"start":{"line":21,"column":26},"end":{"line":21,"column":35}},"locations":[{"start":{"line":21,"column":26},"end":{"line":21,"column":35}}]},"12":{"type":"branch","line":35,"loc":{"start":{"line":35,"column":-1},"end":{"line":36,"column":22}},"locations":[{"start":{"line":35,"column":-1},"end":{"line":36,"column":22}}]},"13":{"type":"branch","line":36,"loc":{"start":{"line":36,"column":10},"end":{"line":36,"column":22}},"locations":[{"start":{"line":36,"column":10},"end":{"line":36,"column":22}}]},"14":{"type":"branch","line":41,"loc":{"start":{"line":41,"column":-1},"end":{"line":42,"column":17}},"locations":[{"start":{"line":41,"column":-1},"end":{"line":42,"column":17}}]},"15":{"type":"branch","line":44,"loc":{"start":{"line":44,"column":10},"end":{"line":44,"column":80}},"locations":[{"start":{"line":44,"column":10},"end":{"line":44,"column":80}}]},"16":{"type":"branch","line":44,"loc":{"start":{"line":44,"column":34},"end":{"line":44,"column":80}},"locations":[{"start":{"line":44,"column":34},"end":{"line":44,"column":80}}]}},"b":{"0":[4],"1":[1],"2":[3],"3":[3],"4":[3],"5":[1],"6":[15],"7":[0],"8":[9],"9":[3],"10":[9],"11":[9],"12":[1],"13":[9],"14":[5],"15":[6],"16":[0]},"fnMap":{"0":{"name":"handleSearch","decl":{"start":{"line":86,"column":0},"end":{"line":93,"column":1}},"loc":{"start":{"line":86,"column":0},"end":{"line":93,"column":1}},"line":86},"1":{"name":"handleDelete","decl":{"start":{"line":96,"column":0},"end":{"line":99,"column":1}},"loc":{"start":{"line":96,"column":0},"end":{"line":99,"column":1}},"line":96},"2":{"name":"onUpdate:modelValue._cache.<computed>._cache.<computed>","decl":{"start":{"line":10,"column":26},"end":{"line":10,"column":32}},"loc":{"start":{"line":10,"column":26},"end":{"line":10,"column":32}},"line":10},"3":{"name":"onUpdate:modelValue._cache.<computed>._cache.<computed>","decl":{"start":{"line":17,"column":41},"end":{"line":17,"column":48}},"loc":{"start":{"line":17,"column":41},"end":{"line":17,"column":48}},"line":17},"4":{"name":"onUpdate:modelValue._cache.<computed>._cache.<computed>","decl":{"start":{"line":21,"column":26},"end":{"line":21,"column":35}},"loc":{"start":{"line":21,"column":26},"end":{"line":21,"column":35}},"line":21}},"f":{"0":4,"1":0,"2":3,"3":0,"4":0}}
}
